./run 750000 C 1 0 0
./run 750000 C 1 0 0
./run 750000 C 1 0 0
./run 750000 C 1 0 0
./run 750000 C 1 0 0
./run 750000 C 1 0 0
750000 1 0 25.0175

./run 750000 C 1 1 0
./run 750000 C 1 1 0
./run 750000 C 1 1 0
./run 750000 C 1 1 0
./run 750000 C 1 1 0
./run 750000 C 1 1 0
750000 1 1 25.641999

./run 750000 C 1 2 0
./run 750000 C 1 2 0
./run 750000 C 1 2 0
./run 750000 C 1 2 0
./run 750000 C 1 2 0
./run 750000 C 1 2 0
750000 1 2 30.157000500000002

./run 750000 C 1 3 0
./run 750000 C 1 3 0
./run 750000 C 1 3 0
./run 750000 C 1 3 0
./run 750000 C 1 3 0
./run 750000 C 1 3 0
750000 1 3 40.2404995

750000 1 4 4.196

./run 750000 C 1 0 0
./run 750000 C 1 0 0
./run 750000 C 1 0 0
./run 750000 C 1 0 0
./run 750000 C 1 0 0
./run 750000 C 1 0 0
750000 1 0 26.413000500000003

./run 750000 C 1 1 0
./run 750000 C 1 1 0
./run 750000 C 1 1 0
./run 750000 C 1 1 0
./run 750000 C 1 1 0
./run 750000 C 1 1 0
750000 1 1 25.1970005

./run 750000 C 1 2 0
./run 750000 C 1 2 0
./run 750000 C 1 2 0
./run 750000 C 1 2 0
./run 750000 C 1 2 0
./run 750000 C 1 2 0
750000 1 2 29.3830005

./run 750000 C 1 3 0
./run 750000 C 1 3 0
./run 750000 C 1 3 0
./run 750000 C 1 3 0
./run 750000 C 1 3 0
./run 750000 C 1 3 0
750000 1 3 40.555499999999995

./run 750000 C 2 0 0
./run 750000 C 2 0 0
./run 750000 C 2 0 0
./run 750000 C 2 0 0
./run 750000 C 2 0 0
./run 750000 C 2 0 0
750000 2 0 200.94300049999998

./run 750000 C 2 1 0
./run 750000 C 2 1 0
./run 750000 C 2 1 0
./run 750000 C 2 1 0
./run 750000 C 2 1 0
./run 750000 C 2 1 0
750000 2 1 204.124504

./run 750000 C 2 2 0
./run 750000 C 2 2 0
./run 750000 C 2 2 0
./run 750000 C 2 2 0
./run 750000 C 2 2 0
./run 750000 C 2 2 0
750000 2 2 114.1884995

./run 750000 C 2 3 0
./run 750000 C 2 3 0
./run 750000 C 2 3 0
./run 750000 C 2 3 0
./run 750000 C 2 3 0
./run 750000 C 2 3 0
750000 2 3 116.15899999999999

./run 750000 C 4 0 0
./run 750000 C 4 0 0
./run 750000 C 4 0 0
./run 750000 C 4 0 0
./run 750000 C 4 0 0
./run 750000 C 4 0 0
750000 4 0 381.66149900000005

./run 750000 C 4 1 0
./run 750000 C 4 1 0
./run 750000 C 4 1 0
./run 750000 C 4 1 0
./run 750000 C 4 1 0
./run 750000 C 4 1 0
750000 4 1 352.8670045

./run 750000 C 4 2 0
./run 750000 C 4 2 0
./run 750000 C 4 2 0
./run 750000 C 4 2 0
./run 750000 C 4 2 0
./run 750000 C 4 2 0
750000 4 2 132.7529985

./run 750000 C 4 3 0
./run 750000 C 4 3 0
./run 750000 C 4 3 0
./run 750000 C 4 3 0
./run 750000 C 4 3 0
./run 750000 C 4 3 0
750000 4 3 253.4885025

./run 750000 C 8 0 0
./run 750000 C 8 0 0
./run 750000 C 8 0 0
./run 750000 C 8 0 0
./run 750000 C 8 0 0
./run 750000 C 8 0 0
750000 8 0 815.4784850000001

./run 750000 C 8 1 0
./run 750000 C 8 1 0
./run 750000 C 8 1 0
./run 750000 C 8 1 0
./run 750000 C 8 1 0
./run 750000 C 8 1 0
750000 8 1 473.69349650000004

./run 750000 C 8 2 0
./run 750000 C 8 2 0
./run 750000 C 8 2 0
./run 750000 C 8 2 0
./run 750000 C 8 2 0
./run 750000 C 8 2 0
750000 8 2 171.638496

./run 750000 C 8 3 0
./run 750000 C 8 3 0
./run 750000 C 8 3 0
./run 750000 C 8 3 0
./run 750000 C 8 3 0
./run 750000 C 8 3 0
750000 8 3 306.4910125

./run 750000 C 14 0 0
./run 750000 C 14 0 0
./run 750000 C 14 0 0
./run 750000 C 14 0 0
./run 750000 C 14 0 0
./run 750000 C 14 0 0
750000 14 0 1806.9474485

./run 750000 C 14 1 0
./run 750000 C 14 1 0
./run 750000 C 14 1 0
./run 750000 C 14 1 0
./run 750000 C 14 1 0
./run 750000 C 14 1 0
750000 14 1 695.2059935

./run 750000 C 14 2 0
./run 750000 C 14 2 0
./run 750000 C 14 2 0
./run 750000 C 14 2 0
./run 750000 C 14 2 0
./run 750000 C 14 2 0
750000 14 2 163.42700200000002

./run 750000 C 14 3 0
./run 750000 C 14 3 0
./run 750000 C 14 3 0
./run 750000 C 14 3 0
./run 750000 C 14 3 0
./run 750000 C 14 3 0
750000 14 3 335.9109955

./run 750000 C 1 0 1
./run 750000 C 1 0 1
./run 750000 C 1 0 1
./run 750000 C 1 0 1
./run 750000 C 1 0 1
./run 750000 C 1 0 1
750000 1 0 0 750000.0

./run 750000 C 1 1 1
./run 750000 C 1 1 1
./run 750000 C 1 1 1
./run 750000 C 1 1 1
./run 750000 C 1 1 1
./run 750000 C 1 1 1
750000 1 0 1 750000.0

./run 750000 C 1 2 1
./run 750000 C 1 2 1
./run 750000 C 1 2 1
./run 750000 C 1 2 1
./run 750000 C 1 2 1
./run 750000 C 1 2 1
750000 1 0 2 750000.0

./run 750000 C 1 3 1
./run 750000 C 1 3 1
./run 750000 C 1 3 1
./run 750000 C 1 3 1
./run 750000 C 1 3 1
./run 750000 C 1 3 1
750000 1 0 3 750000.0

./run 750000 C 2 0 1
./run 750000 C 2 0 1
./run 750000 C 2 0 1
./run 750000 C 2 0 1
./run 750000 C 2 0 1
./run 750000 C 2 0 1
750000 2 0 0 750000.0

750000 2 1 0 425599.5

./run 750000 C 2 1 1
./run 750000 C 2 1 1
./run 750000 C 2 1 1
./run 750000 C 2 1 1
./run 750000 C 2 1 1
./run 750000 C 2 1 1
750000 2 0 1 750000.0

750000 2 1 1 389189.0

./run 750000 C 2 2 1
./run 750000 C 2 2 1
./run 750000 C 2 2 1
./run 750000 C 2 2 1
./run 750000 C 2 2 1
./run 750000 C 2 2 1
750000 2 0 2 750000.0

750000 2 1 2 407655.5

./run 750000 C 2 3 1
./run 750000 C 2 3 1
./run 750000 C 2 3 1
./run 750000 C 2 3 1
./run 750000 C 2 3 1
./run 750000 C 2 3 1
750000 2 0 3 608047.0

750000 2 1 3 374915.0

./run 750000 C 4 0 1
./run 750000 C 4 0 1
./run 750000 C 4 0 1
./run 750000 C 4 0 1
./run 750000 C 4 0 1
./run 750000 C 4 0 1
750000 4 0 0 418854.0

750000 4 1 0 374686.0

750000 4 2 0 95704.5

750000 4 3 0 168164.0

./run 750000 C 4 1 1
./run 750000 C 4 1 1
./run 750000 C 4 1 1
./run 750000 C 4 1 1
./run 750000 C 4 1 1
./run 750000 C 4 1 1
750000 4 0 1 385449.0

750000 4 1 1 364551.0

750000 4 2 1 133610.5

750000 4 3 1 243253.5

./run 750000 C 4 2 1
./run 750000 C 4 2 1
./run 750000 C 4 2 1
./run 750000 C 4 2 1
./run 750000 C 4 2 1
./run 750000 C 4 2 1
750000 4 0 2 375314.0

750000 4 1 2 331146.0

750000 4 2 2 143421.5

750000 4 3 2 197526.5

./run 750000 C 4 3 1
./run 750000 C 4 3 1
./run 750000 C 4 3 1
./run 750000 C 4 3 1
./run 750000 C 4 3 1
./run 750000 C 4 3 1
750000 4 0 3 375085.0

750000 4 1 3 299248.5

750000 4 2 3 156594.0

750000 4 3 3 187401.0

./run 750000 C 8 0 1
./run 750000 C 8 0 1
./run 750000 C 8 0 1
./run 750000 C 8 0 1
./run 750000 C 8 0 1
./run 750000 C 8 0 1
750000 8 0 0 342344.5

750000 8 1 0 213881.0

750000 8 2 0 147881.5

750000 8 3 0 187247.0

750000 8 4 0 129904.0

750000 8 5 0 88710.0

750000 8 6 0 80082.5

750000 8 7 0 44378.5

./run 750000 C 8 1 1
./run 750000 C 8 1 1
./run 750000 C 8 1 1
./run 750000 C 8 1 1
./run 750000 C 8 1 1
./run 750000 C 8 1 1
750000 8 0 1 332042.0

750000 8 1 1 202237.5

750000 8 2 1 147881.5

750000 8 3 1 186225.5

750000 8 4 1 58719.0

750000 8 5 1 138912.0

750000 8 6 1 91962.5

750000 8 7 1 95394.0

./run 750000 C 8 2 1
./run 750000 C 8 2 1
./run 750000 C 8 2 1
./run 750000 C 8 2 1
./run 750000 C 8 2 1
./run 750000 C 8 2 1
750000 8 0 2 295357.5

750000 8 1 2 192160.5

750000 8 2 2 137816.5

750000 8 3 2 158677.0

750000 8 4 2 90525.5

750000 8 5 2 93990.0

750000 8 6 2 92308.5

750000 8 7 2 92905.0

./run 750000 C 8 3 1
./run 750000 C 8 3 1
./run 750000 C 8 3 1
./run 750000 C 8 3 1
./run 750000 C 8 3 1
./run 750000 C 8 3 1
750000 8 0 3 265186.5

750000 8 1 3 187521.0

750000 8 2 3 125833.0

750000 8 3 3 106381.0

750000 8 4 3 93033.5

750000 8 5 3 93655.5

750000 8 6 3 93121.5

750000 8 7 3 92476.0

./run 750000 C 14 0 1
./run 750000 C 14 0 1
./run 750000 C 14 0 1
./run 750000 C 14 0 1
./run 750000 C 14 0 1
./run 750000 C 14 0 1
750000 14 0 0 229178.5

750000 14 1 0 187398.0

750000 14 2 0 106202.0

750000 14 3 0 97196.5

750000 14 4 0 92578.0

750000 14 5 0 93268.0

750000 14 6 0 92336.0

750000 14 7 0 92302.0

750000 14 8 0 31295.0

750000 14 9 0 38091.5

750000 14 10 0 31161.0

750000 14 11 0 46390.5

750000 14 12 0 33391.0

750000 14 13 0 31656.0

./run 750000 C 14 1 1
./run 750000 C 14 1 1
./run 750000 C 14 1 1
./run 750000 C 14 1 1
./run 750000 C 14 1 1
./run 750000 C 14 1 1
750000 14 0 1 224029.0

750000 14 1 1 155745.0

750000 14 2 1 94863.5

750000 14 3 1 94548.5

750000 14 4 1 83790.5

750000 14 5 1 92346.0

750000 14 6 1 90292.0

750000 14 7 1 88226.0

750000 14 8 1 33651.5

750000 14 9 1 43613.5

750000 14 10 1 39605.0

750000 14 11 1 46758.0

750000 14 12 1 40517.5

750000 14 13 1 31656.0

./run 750000 C 14 2 1
./run 750000 C 14 2 1
./run 750000 C 14 2 1
./run 750000 C 14 2 1
./run 750000 C 14 2 1
./run 750000 C 14 2 1
750000 14 0 2 202729.0

750000 14 1 2 133017.5

750000 14 2 2 93931.0

750000 14 3 2 93845.5

750000 14 4 2 64487.5

750000 14 5 2 75966.0

750000 14 6 2 69036.0

750000 14 7 2 70719.5

750000 14 8 2 46913.5

750000 14 9 2 43613.5

750000 14 10 2 44379.0

750000 14 11 2 55109.0

750000 14 12 2 54689.5

750000 14 13 2 37912.5

./run 750000 C 14 3 1
./run 750000 C 14 3 1
./run 750000 C 14 3 1
./run 750000 C 14 3 1
./run 750000 C 14 3 1
./run 750000 C 14 3 1
750000 14 0 3 193596.5

750000 14 1 3 112575.0

750000 14 2 3 93311.5

750000 14 3 3 85526.0

750000 14 4 3 58049.5

750000 14 5 3 68833.5

750000 14 6 3 55442.0

750000 14 7 3 54721.5

750000 14 8 3 51723.0

750000 14 9 3 50852.5

750000 14 10 3 52555.5

750000 14 11 3 53559.0

750000 14 12 3 53483.0

750000 14 13 3 46317.0

